2018-01-25 14:57:17.645  INFO 1860 --- [main] c.d.s.SpringBootDemoApplication          : Starting SpringBootDemoApplication on jacob-PC with PID 1860 (D:\Spring-boot\target\classes started by jacob in D:\Spring-boot)
2018-01-25 14:57:17.695 DEBUG 1860 --- [main] c.d.s.SpringBootDemoApplication          : Running with Spring Boot v1.5.9.RELEASE, Spring v4.3.13.RELEASE
2018-01-25 14:57:17.696  INFO 1860 --- [main] c.d.s.SpringBootDemoApplication          : No active profile set, falling back to default profiles: default
2018-01-25 14:57:18.670  INFO 1860 --- [main] ationConfigEmbeddedWebApplicationContext : Refreshing org.springframework.boot.context.embedded.AnnotationConfigEmbeddedWebApplicationContext@4690b489: startup date [Thu Jan 25 14:57:18 CST 2018]; root of context hierarchy
2018-01-25 14:57:20.354  INFO 1860 --- [main] s.b.c.e.t.TomcatEmbeddedServletContainer : Tomcat initialized with port(s): 8080 (http)
2018-01-25 14:57:20.366  INFO 1860 --- [main] o.apache.catalina.core.StandardService   : Starting service [Tomcat]
2018-01-25 14:57:20.367  INFO 1860 --- [main] org.apache.catalina.core.StandardEngine  : Starting Servlet Engine: Apache Tomcat/8.5.23
2018-01-25 14:57:20.471  INFO 1860 --- [localhost-startStop-1] o.a.c.c.C.[Tomcat].[localhost].[/]       : Initializing Spring embedded WebApplicationContext
2018-01-25 14:57:20.472  INFO 1860 --- [localhost-startStop-1] o.s.web.context.ContextLoader            : Root WebApplicationContext: initialization completed in 1809 ms
2018-01-25 14:57:20.690  INFO 1860 --- [localhost-startStop-1] o.s.b.w.servlet.ServletRegistrationBean  : Mapping servlet: 'dispatcherServlet' to [/]
2018-01-25 14:57:20.696  INFO 1860 --- [localhost-startStop-1] o.s.b.w.servlet.FilterRegistrationBean   : Mapping filter: 'characterEncodingFilter' to: [/*]
2018-01-25 14:57:20.697  INFO 1860 --- [localhost-startStop-1] o.s.b.w.servlet.FilterRegistrationBean   : Mapping filter: 'hiddenHttpMethodFilter' to: [/*]
2018-01-25 14:57:20.697  INFO 1860 --- [localhost-startStop-1] o.s.b.w.servlet.FilterRegistrationBean   : Mapping filter: 'httpPutFormContentFilter' to: [/*]
2018-01-25 14:57:20.698  INFO 1860 --- [localhost-startStop-1] o.s.b.w.servlet.FilterRegistrationBean   : Mapping filter: 'requestContextFilter' to: [/*]
2018-01-25 14:57:21.154  INFO 1860 --- [main] s.w.s.m.m.a.RequestMappingHandlerAdapter : Looking for @ControllerAdvice: org.springframework.boot.context.embedded.AnnotationConfigEmbeddedWebApplicationContext@4690b489: startup date [Thu Jan 25 14:57:18 CST 2018]; root of context hierarchy
2018-01-25 14:57:21.232  INFO 1860 --- [main] s.w.s.m.m.a.RequestMappingHandlerMapping : Mapped "{[/api/v1/books],methods=[GET]}" onto public java.lang.Object com.djb.springbootdemo.web.HelloController.getAll(int,int)
2018-01-25 14:57:21.233  INFO 1860 --- [main] s.w.s.m.m.a.RequestMappingHandlerMapping : Mapped "{[/api/v1/books],methods=[POST]}" onto public java.lang.Object com.djb.springbootdemo.web.HelloController.post(java.lang.String,java.lang.String,java.lang.String)
2018-01-25 14:57:21.234  INFO 1860 --- [main] s.w.s.m.m.a.RequestMappingHandlerMapping : Mapped "{[/api/v1/say],methods=[POST]}" onto public java.lang.String com.djb.springbootdemo.web.HelloController.hello()
2018-01-25 14:57:21.234  INFO 1860 --- [main] s.w.s.m.m.a.RequestMappingHandlerMapping : Mapped "{[/api/v1/books/{id}],methods=[GET]}" onto public java.lang.Object com.djb.springbootdemo.web.HelloController.getOne(long,java.lang.String)
2018-01-25 14:57:21.237  INFO 1860 --- [main] s.w.s.m.m.a.RequestMappingHandlerMapping : Mapped "{[/error]}" onto public org.springframework.http.ResponseEntity<java.util.Map<java.lang.String, java.lang.Object>> org.springframework.boot.autoconfigure.web.BasicErrorController.error(javax.servlet.http.HttpServletRequest)
2018-01-25 14:57:21.237  INFO 1860 --- [main] s.w.s.m.m.a.RequestMappingHandlerMapping : Mapped "{[/error],produces=[text/html]}" onto public org.springframework.web.servlet.ModelAndView org.springframework.boot.autoconfigure.web.BasicErrorController.errorHtml(javax.servlet.http.HttpServletRequest,javax.servlet.http.HttpServletResponse)
2018-01-25 14:57:21.275  INFO 1860 --- [main] o.s.w.s.handler.SimpleUrlHandlerMapping  : Mapped URL path [/webjars/**] onto handler of type [class org.springframework.web.servlet.resource.ResourceHttpRequestHandler]
2018-01-25 14:57:21.276  INFO 1860 --- [main] o.s.w.s.handler.SimpleUrlHandlerMapping  : Mapped URL path [/**] onto handler of type [class org.springframework.web.servlet.resource.ResourceHttpRequestHandler]
2018-01-25 14:57:21.322  INFO 1860 --- [main] o.s.w.s.handler.SimpleUrlHandlerMapping  : Mapped URL path [/**/favicon.ico] onto handler of type [class org.springframework.web.servlet.resource.ResourceHttpRequestHandler]
2018-01-25 14:57:22.033  INFO 1860 --- [main] o.s.j.e.a.AnnotationMBeanExporter        : Registering beans for JMX exposure on startup
2018-01-25 14:57:22.117  INFO 1860 --- [main] s.b.c.e.t.TomcatEmbeddedServletContainer : Tomcat started on port(s): 8080 (http)
2018-01-25 14:57:22.124  INFO 1860 --- [main] c.d.s.SpringBootDemoApplication          : Started SpringBootDemoApplication in 5.267 seconds (JVM running for 6.83)
2018-01-25 14:58:21.342  INFO 1860 --- [http-nio-8080-exec-2] o.a.c.c.C.[Tomcat].[localhost].[/]       : Initializing Spring FrameworkServlet 'dispatcherServlet'
2018-01-25 14:58:21.343  INFO 1860 --- [http-nio-8080-exec-2] o.s.web.servlet.DispatcherServlet        : FrameworkServlet 'dispatcherServlet': initialization started
2018-01-25 14:58:21.374  INFO 1860 --- [http-nio-8080-exec-2] o.s.web.servlet.DispatcherServlet        : FrameworkServlet 'dispatcherServlet': initialization completed in 31 ms
2018-01-25 14:59:35.452  INFO 8896 --- [main] c.d.s.SpringBootDemoApplication          : Starting SpringBootDemoApplication on jacob-PC with PID 8896 (D:\Spring-boot\target\classes started by jacob in D:\Spring-boot)
2018-01-25 14:59:35.458 DEBUG 8896 --- [main] c.d.s.SpringBootDemoApplication          : Running with Spring Boot v1.5.9.RELEASE, Spring v4.3.13.RELEASE
2018-01-25 14:59:35.459  INFO 8896 --- [main] c.d.s.SpringBootDemoApplication          : No active profile set, falling back to default profiles: default
2018-01-25 14:59:36.019  INFO 8896 --- [main] ationConfigEmbeddedWebApplicationContext : Refreshing org.springframework.boot.context.embedded.AnnotationConfigEmbeddedWebApplicationContext@4690b489: startup date [Thu Jan 25 14:59:36 CST 2018]; root of context hierarchy
2018-01-25 14:59:37.780  INFO 8896 --- [main] s.b.c.e.t.TomcatEmbeddedServletContainer : Tomcat initialized with port(s): 8080 (http)
2018-01-25 14:59:37.792  INFO 8896 --- [main] o.apache.catalina.core.StandardService   : Starting service [Tomcat]
2018-01-25 14:59:37.794  INFO 8896 --- [main] org.apache.catalina.core.StandardEngine  : Starting Servlet Engine: Apache Tomcat/8.5.23
2018-01-25 14:59:37.899  INFO 8896 --- [localhost-startStop-1] o.a.c.c.C.[Tomcat].[localhost].[/]       : Initializing Spring embedded WebApplicationContext
2018-01-25 14:59:37.899  INFO 8896 --- [localhost-startStop-1] o.s.web.context.ContextLoader            : Root WebApplicationContext: initialization completed in 1895 ms
2018-01-25 14:59:38.109  INFO 8896 --- [localhost-startStop-1] o.s.b.w.servlet.ServletRegistrationBean  : Mapping servlet: 'dispatcherServlet' to [/]
2018-01-25 14:59:38.135  INFO 8896 --- [localhost-startStop-1] o.s.b.w.servlet.FilterRegistrationBean   : Mapping filter: 'characterEncodingFilter' to: [/*]
2018-01-25 14:59:38.136  INFO 8896 --- [localhost-startStop-1] o.s.b.w.servlet.FilterRegistrationBean   : Mapping filter: 'hiddenHttpMethodFilter' to: [/*]
2018-01-25 14:59:38.136  INFO 8896 --- [localhost-startStop-1] o.s.b.w.servlet.FilterRegistrationBean   : Mapping filter: 'httpPutFormContentFilter' to: [/*]
2018-01-25 14:59:38.136  INFO 8896 --- [localhost-startStop-1] o.s.b.w.servlet.FilterRegistrationBean   : Mapping filter: 'requestContextFilter' to: [/*]
2018-01-25 14:59:38.770  INFO 8896 --- [main] s.w.s.m.m.a.RequestMappingHandlerAdapter : Looking for @ControllerAdvice: org.springframework.boot.context.embedded.AnnotationConfigEmbeddedWebApplicationContext@4690b489: startup date [Thu Jan 25 14:59:36 CST 2018]; root of context hierarchy
2018-01-25 14:59:38.954  INFO 8896 --- [main] s.w.s.m.m.a.RequestMappingHandlerMapping : Mapped "{[/api/v1/books],methods=[GET]}" onto public java.lang.Object com.djb.springbootdemo.web.HelloController.getAll(int,int)
2018-01-25 14:59:38.958  INFO 8896 --- [main] s.w.s.m.m.a.RequestMappingHandlerMapping : Mapped "{[/api/v1/books],methods=[POST]}" onto public java.lang.Object com.djb.springbootdemo.web.HelloController.post(java.lang.String,java.lang.String,java.lang.String)
2018-01-25 14:59:38.959  INFO 8896 --- [main] s.w.s.m.m.a.RequestMappingHandlerMapping : Mapped "{[/api/v1/say],methods=[POST]}" onto public java.lang.String com.djb.springbootdemo.web.HelloController.hello()
2018-01-25 14:59:38.960  INFO 8896 --- [main] s.w.s.m.m.a.RequestMappingHandlerMapping : Mapped "{[/api/v1/books/{id}],methods=[GET]}" onto public java.lang.Object com.djb.springbootdemo.web.HelloController.getOne(long)
2018-01-25 14:59:38.969  INFO 8896 --- [main] s.w.s.m.m.a.RequestMappingHandlerMapping : Mapped "{[/error]}" onto public org.springframework.http.ResponseEntity<java.util.Map<java.lang.String, java.lang.Object>> org.springframework.boot.autoconfigure.web.BasicErrorController.error(javax.servlet.http.HttpServletRequest)
2018-01-25 14:59:38.971  INFO 8896 --- [main] s.w.s.m.m.a.RequestMappingHandlerMapping : Mapped "{[/error],produces=[text/html]}" onto public org.springframework.web.servlet.ModelAndView org.springframework.boot.autoconfigure.web.BasicErrorController.errorHtml(javax.servlet.http.HttpServletRequest,javax.servlet.http.HttpServletResponse)
2018-01-25 14:59:39.114  INFO 8896 --- [main] o.s.w.s.handler.SimpleUrlHandlerMapping  : Mapped URL path [/webjars/**] onto handler of type [class org.springframework.web.servlet.resource.ResourceHttpRequestHandler]
2018-01-25 14:59:39.115  INFO 8896 --- [main] o.s.w.s.handler.SimpleUrlHandlerMapping  : Mapped URL path [/**] onto handler of type [class org.springframework.web.servlet.resource.ResourceHttpRequestHandler]
2018-01-25 14:59:39.238  INFO 8896 --- [main] o.s.w.s.handler.SimpleUrlHandlerMapping  : Mapped URL path [/**/favicon.ico] onto handler of type [class org.springframework.web.servlet.resource.ResourceHttpRequestHandler]
2018-01-25 14:59:40.390  INFO 8896 --- [main] o.s.j.e.a.AnnotationMBeanExporter        : Registering beans for JMX exposure on startup
2018-01-25 14:59:40.538  INFO 8896 --- [main] s.b.c.e.t.TomcatEmbeddedServletContainer : Tomcat started on port(s): 8080 (http)
2018-01-25 14:59:40.551  INFO 8896 --- [main] c.d.s.SpringBootDemoApplication          : Started SpringBootDemoApplication in 5.899 seconds (JVM running for 7.921)
2018-01-25 14:59:44.016  INFO 8896 --- [http-nio-8080-exec-2] o.a.c.c.C.[Tomcat].[localhost].[/]       : Initializing Spring FrameworkServlet 'dispatcherServlet'
2018-01-25 14:59:44.017  INFO 8896 --- [http-nio-8080-exec-2] o.s.web.servlet.DispatcherServlet        : FrameworkServlet 'dispatcherServlet': initialization started
2018-01-25 14:59:44.054  INFO 8896 --- [http-nio-8080-exec-2] o.s.web.servlet.DispatcherServlet        : FrameworkServlet 'dispatcherServlet': initialization completed in 37 ms
2018-01-25 15:03:37.205  INFO 11052 --- [main] c.d.s.SpringBootDemoApplication          : Starting SpringBootDemoApplication on jacob-PC with PID 11052 (D:\Spring-boot\target\classes started by jacob in D:\Spring-boot)
2018-01-25 15:03:37.215 DEBUG 11052 --- [main] c.d.s.SpringBootDemoApplication          : Running with Spring Boot v1.5.9.RELEASE, Spring v4.3.13.RELEASE
2018-01-25 15:03:37.215  INFO 11052 --- [main] c.d.s.SpringBootDemoApplication          : No active profile set, falling back to default profiles: default
2018-01-25 15:03:37.765  INFO 11052 --- [main] ationConfigEmbeddedWebApplicationContext : Refreshing org.springframework.boot.context.embedded.AnnotationConfigEmbeddedWebApplicationContext@3c22fc4c: startup date [Thu Jan 25 15:03:37 CST 2018]; root of context hierarchy
2018-01-25 15:03:39.796  INFO 11052 --- [main] s.b.c.e.t.TomcatEmbeddedServletContainer : Tomcat initialized with port(s): 8080 (http)
2018-01-25 15:03:39.808  INFO 11052 --- [main] o.apache.catalina.core.StandardService   : Starting service [Tomcat]
2018-01-25 15:03:39.810  INFO 11052 --- [main] org.apache.catalina.core.StandardEngine  : Starting Servlet Engine: Apache Tomcat/8.5.23
2018-01-25 15:03:39.920  INFO 11052 --- [localhost-startStop-1] o.a.c.c.C.[Tomcat].[localhost].[/]       : Initializing Spring embedded WebApplicationContext
2018-01-25 15:03:39.920  INFO 11052 --- [localhost-startStop-1] o.s.web.context.ContextLoader            : Root WebApplicationContext: initialization completed in 2162 ms
2018-01-25 15:03:40.089  INFO 11052 --- [localhost-startStop-1] o.s.b.w.servlet.ServletRegistrationBean  : Mapping servlet: 'dispatcherServlet' to [/]
2018-01-25 15:03:40.096  INFO 11052 --- [localhost-startStop-1] o.s.b.w.servlet.FilterRegistrationBean   : Mapping filter: 'characterEncodingFilter' to: [/*]
2018-01-25 15:03:40.098  INFO 11052 --- [localhost-startStop-1] o.s.b.w.servlet.FilterRegistrationBean   : Mapping filter: 'hiddenHttpMethodFilter' to: [/*]
2018-01-25 15:03:40.098  INFO 11052 --- [localhost-startStop-1] o.s.b.w.servlet.FilterRegistrationBean   : Mapping filter: 'httpPutFormContentFilter' to: [/*]
2018-01-25 15:03:40.098  INFO 11052 --- [localhost-startStop-1] o.s.b.w.servlet.FilterRegistrationBean   : Mapping filter: 'requestContextFilter' to: [/*]
2018-01-25 15:03:40.575  INFO 11052 --- [main] s.w.s.m.m.a.RequestMappingHandlerAdapter : Looking for @ControllerAdvice: org.springframework.boot.context.embedded.AnnotationConfigEmbeddedWebApplicationContext@3c22fc4c: startup date [Thu Jan 25 15:03:37 CST 2018]; root of context hierarchy
2018-01-25 15:03:40.650  INFO 11052 --- [main] s.w.s.m.m.a.RequestMappingHandlerMapping : Mapped "{[/api/v1/books],methods=[GET]}" onto public java.lang.Object com.djb.springbootdemo.web.HelloController.getAll(int,int)
2018-01-25 15:03:40.652  INFO 11052 --- [main] s.w.s.m.m.a.RequestMappingHandlerMapping : Mapped "{[/api/v1/books],methods=[POST]}" onto public java.lang.Object com.djb.springbootdemo.web.HelloController.post(java.lang.String,java.lang.String,java.lang.String)
2018-01-25 15:03:40.652  INFO 11052 --- [main] s.w.s.m.m.a.RequestMappingHandlerMapping : Mapped "{[/api/v1/say],methods=[POST]}" onto public java.lang.String com.djb.springbootdemo.web.HelloController.hello()
2018-01-25 15:03:40.653  INFO 11052 --- [main] s.w.s.m.m.a.RequestMappingHandlerMapping : Mapped "{[/api/v1/books/{id}],methods=[GET]}" onto public java.lang.Object com.djb.springbootdemo.web.HelloController.getOne(long)
2018-01-25 15:03:40.657  INFO 11052 --- [main] s.w.s.m.m.a.RequestMappingHandlerMapping : Mapped "{[/error]}" onto public org.springframework.http.ResponseEntity<java.util.Map<java.lang.String, java.lang.Object>> org.springframework.boot.autoconfigure.web.BasicErrorController.error(javax.servlet.http.HttpServletRequest)
2018-01-25 15:03:40.658  INFO 11052 --- [main] s.w.s.m.m.a.RequestMappingHandlerMapping : Mapped "{[/error],produces=[text/html]}" onto public org.springframework.web.servlet.ModelAndView org.springframework.boot.autoconfigure.web.BasicErrorController.errorHtml(javax.servlet.http.HttpServletRequest,javax.servlet.http.HttpServletResponse)
2018-01-25 15:03:40.694  INFO 11052 --- [main] o.s.w.s.handler.SimpleUrlHandlerMapping  : Mapped URL path [/webjars/**] onto handler of type [class org.springframework.web.servlet.resource.ResourceHttpRequestHandler]
2018-01-25 15:03:40.695  INFO 11052 --- [main] o.s.w.s.handler.SimpleUrlHandlerMapping  : Mapped URL path [/**] onto handler of type [class org.springframework.web.servlet.resource.ResourceHttpRequestHandler]
2018-01-25 15:03:40.742  INFO 11052 --- [main] o.s.w.s.handler.SimpleUrlHandlerMapping  : Mapped URL path [/**/favicon.ico] onto handler of type [class org.springframework.web.servlet.resource.ResourceHttpRequestHandler]
2018-01-25 15:03:41.883  INFO 11052 --- [main] o.s.j.e.a.AnnotationMBeanExporter        : Registering beans for JMX exposure on startup
2018-01-25 15:03:42.080  INFO 11052 --- [main] s.b.c.e.t.TomcatEmbeddedServletContainer : Tomcat started on port(s): 8080 (http)
2018-01-25 15:03:42.100  INFO 11052 --- [main] c.d.s.SpringBootDemoApplication          : Started SpringBootDemoApplication in 5.473 seconds (JVM running for 6.992)
2018-01-25 15:03:50.249  INFO 11052 --- [http-nio-8080-exec-2] o.a.c.c.C.[Tomcat].[localhost].[/]       : Initializing Spring FrameworkServlet 'dispatcherServlet'
2018-01-25 15:03:50.250  INFO 11052 --- [http-nio-8080-exec-2] o.s.web.servlet.DispatcherServlet        : FrameworkServlet 'dispatcherServlet': initialization started
2018-01-25 15:03:50.284  INFO 11052 --- [http-nio-8080-exec-2] o.s.web.servlet.DispatcherServlet        : FrameworkServlet 'dispatcherServlet': initialization completed in 34 ms
2018-01-25 15:06:00.776  INFO 2924 --- [main] c.d.s.SpringBootDemoApplication          : Starting SpringBootDemoApplication on jacob-PC with PID 2924 (D:\Spring-boot\target\classes started by jacob in D:\Spring-boot)
2018-01-25 15:06:00.783 DEBUG 2924 --- [main] c.d.s.SpringBootDemoApplication          : Running with Spring Boot v1.5.9.RELEASE, Spring v4.3.13.RELEASE
2018-01-25 15:06:00.785  INFO 2924 --- [main] c.d.s.SpringBootDemoApplication          : No active profile set, falling back to default profiles: default
2018-01-25 15:06:01.451  INFO 2924 --- [main] ationConfigEmbeddedWebApplicationContext : Refreshing org.springframework.boot.context.embedded.AnnotationConfigEmbeddedWebApplicationContext@3c22fc4c: startup date [Thu Jan 25 15:06:01 CST 2018]; root of context hierarchy
2018-01-25 15:06:03.739  INFO 2924 --- [main] s.b.c.e.t.TomcatEmbeddedServletContainer : Tomcat initialized with port(s): 8080 (http)
2018-01-25 15:06:03.751  INFO 2924 --- [main] o.apache.catalina.core.StandardService   : Starting service [Tomcat]
2018-01-25 15:06:03.753  INFO 2924 --- [main] org.apache.catalina.core.StandardEngine  : Starting Servlet Engine: Apache Tomcat/8.5.23
2018-01-25 15:06:03.869  INFO 2924 --- [localhost-startStop-1] o.a.c.c.C.[Tomcat].[localhost].[/]       : Initializing Spring embedded WebApplicationContext
2018-01-25 15:06:03.870  INFO 2924 --- [localhost-startStop-1] o.s.web.context.ContextLoader            : Root WebApplicationContext: initialization completed in 2431 ms
2018-01-25 15:06:04.057  INFO 2924 --- [localhost-startStop-1] o.s.b.w.servlet.ServletRegistrationBean  : Mapping servlet: 'dispatcherServlet' to [/]
2018-01-25 15:06:04.062  INFO 2924 --- [localhost-startStop-1] o.s.b.w.servlet.FilterRegistrationBean   : Mapping filter: 'characterEncodingFilter' to: [/*]
2018-01-25 15:06:04.062  INFO 2924 --- [localhost-startStop-1] o.s.b.w.servlet.FilterRegistrationBean   : Mapping filter: 'hiddenHttpMethodFilter' to: [/*]
2018-01-25 15:06:04.063  INFO 2924 --- [localhost-startStop-1] o.s.b.w.servlet.FilterRegistrationBean   : Mapping filter: 'httpPutFormContentFilter' to: [/*]
2018-01-25 15:06:04.063  INFO 2924 --- [localhost-startStop-1] o.s.b.w.servlet.FilterRegistrationBean   : Mapping filter: 'requestContextFilter' to: [/*]
2018-01-25 15:06:04.499  INFO 2924 --- [main] s.w.s.m.m.a.RequestMappingHandlerAdapter : Looking for @ControllerAdvice: org.springframework.boot.context.embedded.AnnotationConfigEmbeddedWebApplicationContext@3c22fc4c: startup date [Thu Jan 25 15:06:01 CST 2018]; root of context hierarchy
2018-01-25 15:06:04.581  INFO 2924 --- [main] s.w.s.m.m.a.RequestMappingHandlerMapping : Mapped "{[/api/v1/books],methods=[GET]}" onto public java.lang.Object com.djb.springbootdemo.web.HelloController.getAll(int,int)
2018-01-25 15:06:04.584  INFO 2924 --- [main] s.w.s.m.m.a.RequestMappingHandlerMapping : Mapped "{[/api/v1/books],methods=[POST]}" onto public java.lang.Object com.djb.springbootdemo.web.HelloController.post(java.lang.String,java.lang.String,java.lang.String)
2018-01-25 15:06:04.584  INFO 2924 --- [main] s.w.s.m.m.a.RequestMappingHandlerMapping : Mapped "{[/api/v1/books/{id}],methods=[GET]}" onto public java.lang.Object com.djb.springbootdemo.web.HelloController.getOne(long)
2018-01-25 15:06:04.585  INFO 2924 --- [main] s.w.s.m.m.a.RequestMappingHandlerMapping : Mapped "{[/api/v1/say],methods=[POST]}" onto public java.lang.String com.djb.springbootdemo.web.HelloController.hello()
2018-01-25 15:06:04.588  INFO 2924 --- [main] s.w.s.m.m.a.RequestMappingHandlerMapping : Mapped "{[/error]}" onto public org.springframework.http.ResponseEntity<java.util.Map<java.lang.String, java.lang.Object>> org.springframework.boot.autoconfigure.web.BasicErrorController.error(javax.servlet.http.HttpServletRequest)
2018-01-25 15:06:04.589  INFO 2924 --- [main] s.w.s.m.m.a.RequestMappingHandlerMapping : Mapped "{[/error],produces=[text/html]}" onto public org.springframework.web.servlet.ModelAndView org.springframework.boot.autoconfigure.web.BasicErrorController.errorHtml(javax.servlet.http.HttpServletRequest,javax.servlet.http.HttpServletResponse)
2018-01-25 15:06:04.629  INFO 2924 --- [main] o.s.w.s.handler.SimpleUrlHandlerMapping  : Mapped URL path [/webjars/**] onto handler of type [class org.springframework.web.servlet.resource.ResourceHttpRequestHandler]
2018-01-25 15:06:04.629  INFO 2924 --- [main] o.s.w.s.handler.SimpleUrlHandlerMapping  : Mapped URL path [/**] onto handler of type [class org.springframework.web.servlet.resource.ResourceHttpRequestHandler]
2018-01-25 15:06:04.678  INFO 2924 --- [main] o.s.w.s.handler.SimpleUrlHandlerMapping  : Mapped URL path [/**/favicon.ico] onto handler of type [class org.springframework.web.servlet.resource.ResourceHttpRequestHandler]
2018-01-25 15:06:05.314  INFO 2924 --- [main] o.s.j.e.a.AnnotationMBeanExporter        : Registering beans for JMX exposure on startup
2018-01-25 15:06:05.415  INFO 2924 --- [main] s.b.c.e.t.TomcatEmbeddedServletContainer : Tomcat started on port(s): 8080 (http)
2018-01-25 15:06:05.423  INFO 2924 --- [main] c.d.s.SpringBootDemoApplication          : Started SpringBootDemoApplication in 5.293 seconds (JVM running for 6.99)
2018-01-25 15:06:11.538  INFO 2924 --- [http-nio-8080-exec-1] o.a.c.c.C.[Tomcat].[localhost].[/]       : Initializing Spring FrameworkServlet 'dispatcherServlet'
2018-01-25 15:06:11.539  INFO 2924 --- [http-nio-8080-exec-1] o.s.web.servlet.DispatcherServlet        : FrameworkServlet 'dispatcherServlet': initialization started
2018-01-25 15:06:11.570  INFO 2924 --- [http-nio-8080-exec-1] o.s.web.servlet.DispatcherServlet        : FrameworkServlet 'dispatcherServlet': initialization completed in 31 ms
2018-01-25 15:37:17.981  INFO 3160 --- [main] c.d.s.SpringBootDemoApplication          : Starting SpringBootDemoApplication on jacob-PC with PID 3160 (D:\Spring-boot\target\classes started by jacob in D:\Spring-boot)
2018-01-25 15:37:17.987 DEBUG 3160 --- [main] c.d.s.SpringBootDemoApplication          : Running with Spring Boot v1.5.9.RELEASE, Spring v4.3.13.RELEASE
2018-01-25 15:37:17.988  INFO 3160 --- [main] c.d.s.SpringBootDemoApplication          : No active profile set, falling back to default profiles: default
2018-01-25 15:37:18.850  INFO 3160 --- [main] ationConfigEmbeddedWebApplicationContext : Refreshing org.springframework.boot.context.embedded.AnnotationConfigEmbeddedWebApplicationContext@3c22fc4c: startup date [Thu Jan 25 15:37:18 CST 2018]; root of context hierarchy
2018-01-25 15:37:20.923  INFO 3160 --- [main] s.b.c.e.t.TomcatEmbeddedServletContainer : Tomcat initialized with port(s): 8080 (http)
2018-01-25 15:37:20.938  INFO 3160 --- [main] o.apache.catalina.core.StandardService   : Starting service [Tomcat]
2018-01-25 15:37:20.939  INFO 3160 --- [main] org.apache.catalina.core.StandardEngine  : Starting Servlet Engine: Apache Tomcat/8.5.23
2018-01-25 15:37:21.050  INFO 3160 --- [localhost-startStop-1] o.a.c.c.C.[Tomcat].[localhost].[/]       : Initializing Spring embedded WebApplicationContext
2018-01-25 15:37:21.051  INFO 3160 --- [localhost-startStop-1] o.s.web.context.ContextLoader            : Root WebApplicationContext: initialization completed in 2207 ms
2018-01-25 15:37:21.225  INFO 3160 --- [localhost-startStop-1] o.s.b.w.servlet.ServletRegistrationBean  : Mapping servlet: 'dispatcherServlet' to [/]
2018-01-25 15:37:21.231  INFO 3160 --- [localhost-startStop-1] o.s.b.w.servlet.FilterRegistrationBean   : Mapping filter: 'characterEncodingFilter' to: [/*]
2018-01-25 15:37:21.232  INFO 3160 --- [localhost-startStop-1] o.s.b.w.servlet.FilterRegistrationBean   : Mapping filter: 'hiddenHttpMethodFilter' to: [/*]
2018-01-25 15:37:21.232  INFO 3160 --- [localhost-startStop-1] o.s.b.w.servlet.FilterRegistrationBean   : Mapping filter: 'httpPutFormContentFilter' to: [/*]
2018-01-25 15:37:21.232  INFO 3160 --- [localhost-startStop-1] o.s.b.w.servlet.FilterRegistrationBean   : Mapping filter: 'requestContextFilter' to: [/*]
2018-01-25 15:37:21.741  INFO 3160 --- [main] s.w.s.m.m.a.RequestMappingHandlerAdapter : Looking for @ControllerAdvice: org.springframework.boot.context.embedded.AnnotationConfigEmbeddedWebApplicationContext@3c22fc4c: startup date [Thu Jan 25 15:37:18 CST 2018]; root of context hierarchy
2018-01-25 15:37:21.818  INFO 3160 --- [main] s.w.s.m.m.a.RequestMappingHandlerMapping : Mapped "{[/api/v1/books],methods=[GET]}" onto public java.lang.Object com.djb.springbootdemo.web.HelloController.getAll(int,int)
2018-01-25 15:37:21.820  INFO 3160 --- [main] s.w.s.m.m.a.RequestMappingHandlerMapping : Mapped "{[/api/v1/books],methods=[POST]}" onto public java.lang.Object com.djb.springbootdemo.web.HelloController.post(java.lang.String,java.lang.String,java.lang.String)
2018-01-25 15:37:21.821  INFO 3160 --- [main] s.w.s.m.m.a.RequestMappingHandlerMapping : Mapped "{[/api/v1/say],methods=[POST]}" onto public java.lang.String com.djb.springbootdemo.web.HelloController.hello()
2018-01-25 15:37:21.822  INFO 3160 --- [main] s.w.s.m.m.a.RequestMappingHandlerMapping : Mapped "{[/api/v1/books/{id}],methods=[GET]}" onto public java.lang.Object com.djb.springbootdemo.web.HelloController.getOne(long)
2018-01-25 15:37:21.825  INFO 3160 --- [main] s.w.s.m.m.a.RequestMappingHandlerMapping : Mapped "{[/error]}" onto public org.springframework.http.ResponseEntity<java.util.Map<java.lang.String, java.lang.Object>> org.springframework.boot.autoconfigure.web.BasicErrorController.error(javax.servlet.http.HttpServletRequest)
2018-01-25 15:37:21.826  INFO 3160 --- [main] s.w.s.m.m.a.RequestMappingHandlerMapping : Mapped "{[/error],produces=[text/html]}" onto public org.springframework.web.servlet.ModelAndView org.springframework.boot.autoconfigure.web.BasicErrorController.errorHtml(javax.servlet.http.HttpServletRequest,javax.servlet.http.HttpServletResponse)
2018-01-25 15:37:21.867  INFO 3160 --- [main] o.s.w.s.handler.SimpleUrlHandlerMapping  : Mapped URL path [/webjars/**] onto handler of type [class org.springframework.web.servlet.resource.ResourceHttpRequestHandler]
2018-01-25 15:37:21.867  INFO 3160 --- [main] o.s.w.s.handler.SimpleUrlHandlerMapping  : Mapped URL path [/**] onto handler of type [class org.springframework.web.servlet.resource.ResourceHttpRequestHandler]
2018-01-25 15:37:21.920  INFO 3160 --- [main] o.s.w.s.handler.SimpleUrlHandlerMapping  : Mapped URL path [/**/favicon.ico] onto handler of type [class org.springframework.web.servlet.resource.ResourceHttpRequestHandler]
2018-01-25 15:37:22.435  INFO 3160 --- [main] o.s.j.e.a.AnnotationMBeanExporter        : Registering beans for JMX exposure on startup
2018-01-25 15:37:22.514  INFO 3160 --- [main] s.b.c.e.t.TomcatEmbeddedServletContainer : Tomcat started on port(s): 8080 (http)
2018-01-25 15:37:22.522  INFO 3160 --- [main] c.d.s.SpringBootDemoApplication          : Started SpringBootDemoApplication in 5.109 seconds (JVM running for 7.056)
